2026-05-23 12:34:43,789 : INFO : ====== WebDriver manager ======
2026-05-23 12:34:48,370 : INFO : Driver [C:\Users\Aziz Shaik\.wdm\drivers\chromedriver\win64\148.0.7778.178\chromedriver-win64/chromedriver.exe] found in cache by browser version
2026-05-23 12:34:49,815 : INFO : Starting Scenario: Successful saree purchase flow
2026-05-23 12:34:49,816 : INFO : Browser Used: chrome
2026-05-23 12:34:53,873 : INFO : Myntra application launched successfully
2026-05-23 12:34:57,776 : INFO : Hovered on Women section successfully
2026-05-23 12:35:01,630 : INFO : Saree page opened successfully
2026-05-23 12:35:04,157 : INFO : Blue color filter selected successfully
2026-05-23 12:35:11,794 : INFO : First saree product selected successfully
2026-05-23 12:35:12,747 : INFO : Product added to bag successfully
2026-05-23 12:35:17,720 : INFO : Bag page opened successfully
2026-05-23 12:35:20,768 : INFO : Quantity updated to 2 successfully
2026-05-23 12:35:27,612 : INFO : Place Order button clicked successfully
2026-05-23 12:35:33,033 : INFO : Login page validated successfully
2026-05-23 12:35:33,363 : INFO : Completed Scenario: Successful saree purchase flow
2026-05-23 12:35:36,669 : INFO : ====== WebDriver manager ======
2026-05-23 12:35:41,158 : INFO : Driver [C:\Users\Aziz Shaik\.wdm\drivers\chromedriver\win64\148.0.7778.178\chromedriver-win64/chromedriver.exe] found in cache by browser version
2026-05-23 12:35:42,324 : INFO : Starting Scenario: Verify Kurti Navigation
2026-05-23 12:35:42,325 : INFO : Browser Used: chrome
2026-05-23 12:35:48,252 : INFO : Myntra opened
2026-05-23 12:35:55,843 : INFO : Kurti page opened
2026-05-23 12:35:56,816 : INFO : Completed Scenario: Verify Kurti Navigation
2026-05-23 12:35:59,753 : INFO : ====== WebDriver manager ======
2026-05-23 12:36:03,663 : INFO : Driver [C:\Users\Aziz Shaik\.wdm\drivers\chromedriver\win64\148.0.7778.178\chromedriver-win64/chromedriver.exe] found in cache by browser version
2026-05-23 12:36:04,746 : INFO : Starting Scenario: Verify Pink Tshirt Filter
2026-05-23 12:36:04,747 : INFO : Browser Used: chrome
2026-05-23 12:36:10,637 : INFO : Myntra opened
2026-05-23 12:36:25,135 : INFO : Tshirt page opened
2026-05-23 12:36:48,917 : INFO : Pink filter applied
2026-05-23 12:36:49,942 : INFO : Completed Scenario: Verify Pink Tshirt Filter
2026-05-23 12:36:53,022 : INFO : ====== WebDriver manager ======
2026-05-23 12:36:56,976 : INFO : Driver [C:\Users\Aziz Shaik\.wdm\drivers\chromedriver\win64\148.0.7778.178\chromedriver-win64/chromedriver.exe] found in cache by browser version
2026-05-23 12:36:58,066 : INFO : Starting Scenario: Verify Earrings Add To Bag
2026-05-23 12:36:58,068 : INFO : Browser Used: chrome
2026-05-23 12:37:03,273 : INFO : Myntra opened
2026-05-23 12:37:10,994 : INFO : Earrings page opened
2026-05-23 12:37:16,775 : INFO : Earrings product selected
2026-05-23 12:37:20,226 : INFO : Earrings added to bag
2026-05-23 12:37:20,989 : INFO : Completed Scenario: Verify Earrings Add To Bag
2026-05-23 12:37:23,790 : INFO : ====== WebDriver manager ======
2026-05-23 12:37:27,704 : INFO : Driver [C:\Users\Aziz Shaik\.wdm\drivers\chromedriver\win64\148.0.7778.178\chromedriver-win64/chromedriver.exe] found in cache by browser version
2026-05-23 12:37:28,795 : INFO : Starting Scenario: Verify Flats Sorting
2026-05-23 12:37:28,796 : INFO : Browser Used: chrome
2026-05-23 12:37:34,365 : INFO : Myntra opened
2026-05-23 12:37:40,384 : INFO : Flats page opened
2026-05-23 12:37:53,549 : INFO : Flats sorted
2026-05-23 12:37:54,231 : INFO : Completed Scenario: Verify Flats Sorting
2026-05-23 12:37:57,150 : INFO : ====== WebDriver manager ======
2026-05-23 12:38:01,000 : INFO : Driver [C:\Users\Aziz Shaik\.wdm\drivers\chromedriver\win64\148.0.7778.178\chromedriver-win64/chromedriver.exe] found in cache by browser version
2026-05-23 12:38:02,508 : INFO : Starting Scenario: Verify Size Validation
2026-05-23 12:38:02,508 : INFO : Browser Used: chrome
2026-05-23 12:38:06,012 : INFO : Myntra opened
2026-05-23 12:38:28,299 : INFO : Tshirt product opened
2026-05-23 12:38:38,645 : INFO : Clicked add to bag without size
2026-05-23 12:38:40,093 : INFO : Completed Scenario: Verify Size Validation
2026-05-23 12:38:43,212 : INFO : ====== WebDriver manager ======
2026-05-23 12:38:47,471 : INFO : Driver [C:\Users\Aziz Shaik\.wdm\drivers\chromedriver\win64\148.0.7778.178\chromedriver-win64/chromedriver.exe] found in cache by browser version
2026-05-23 12:38:48,664 : INFO : Starting Scenario: Verify Pincode Validation
2026-05-23 12:38:48,665 : INFO : Browser Used: chrome
2026-05-23 12:38:54,107 : INFO : Myntra opened
2026-05-23 12:39:36,145 : INFO : Pincode validation checked
2026-05-23 12:39:37,868 : INFO : Completed Scenario: Verify Pincode Validation
