2026-05-22 10:52:51,335 : INFO : Myntra opened
2026-05-22 10:53:12,597 : INFO : Kurti page opened
2026-05-22 10:53:27,031 : INFO : Myntra opened
2026-05-22 10:53:41,205 : INFO : Tshirt page opened
2026-05-22 10:53:54,844 : INFO : Pink color selected
2026-05-22 10:54:05,454 : INFO : Slow scrolling completed
2026-05-22 10:54:19,455 : INFO : Myntra opened
2026-05-22 10:54:39,761 : INFO : Earrings page opened
2026-05-22 10:54:50,654 : INFO : Earrings product selected
2026-05-22 10:55:01,666 : INFO : Product added to bag
2026-05-22 10:55:18,433 : INFO : Myntra opened
2026-05-22 10:55:32,544 : INFO : Flats page opened
2026-05-22 10:55:44,582 : INFO : Price High to Low selected
2026-05-22 10:56:01,026 : INFO : Slow scrolling completed
2026-05-22 10:56:14,172 : INFO : Myntra opened
2026-05-22 10:56:28,606 : INFO : Tshirt page opened
2026-05-22 10:56:39,409 : INFO : Product selected
2026-05-22 10:56:49,997 : INFO : Add to bag clicked without size
2026-05-22 10:57:02,769 : INFO : Myntra opened
2026-05-22 10:57:17,171 : INFO : Heels page opened
2026-05-22 10:57:27,998 : INFO : Product selected
2026-05-22 10:57:44,986 : INFO : Check clicked without entering pincode
2026-05-22 10:57:58,537 : INFO : Myntra opened
2026-05-22 10:58:03,652 : INFO : Women section clicked
2026-05-22 10:58:19,871 : INFO : Ethnic wear page opened
2026-05-22 10:58:26,657 : INFO : Sarees filter selected
2026-05-22 10:58:41,349 : INFO : Blue color selected
2026-05-22 10:59:00,306 : INFO : Sorted by customer rating
2026-05-22 10:59:14,079 : INFO : Product selected
2026-05-22 10:59:27,917 : INFO : Product added to bag
2026-05-22 10:59:43,110 : INFO : Bag page opened
2026-05-22 10:59:51,579 : INFO : Quantity dropdown opened
2026-05-22 11:00:00,958 : INFO : Quantity changed to 2
2026-05-22 11:00:06,483 : INFO : Done button clicked
2026-05-22 11:00:15,158 : INFO : Donation amount selected
2026-05-22 11:00:31,949 : INFO : Place order clicked
2026-05-22 16:38:02,551 : INFO : Myntra opened
2026-05-22 16:38:09,932 : INFO : Women section clicked
